<?xml version="1.0" encoding="UTF-8"?>
<!-- Generated by org.testng.reporters.JUnitXMLReporter -->
<testsuite ignored="0" hostname="DESKTOP-C0K6CVK" failures="1" tests="2" name="Test" time="19.714" errors="0" timestamp="2023-03-20T22:38:42 IST">
  <testcase classname="listernersDemoClasses.BasicTestNGDemo" name="BasicDemo" time="3.129">
    <failure type="java.lang.AssertionError" message="The following asserts failed:
	expected [https://opensource-demo.orangehrmlive.com/web/index.php/dashboard/index] but found [https://www.facebook.com/login/?privacy_mutation_token=eyJ0eXBlIjowLCJjcmVhdGlvbl90aW1lIjoxNjc5MzMyMTA1LCJjYWxsc2l0ZV9pZCI6MzgxMjI5MDc5NTc1OTQ2fQ%3D%3D]">
      <![CDATA[java.lang.AssertionError: The following asserts failed:
expected [https://opensource-demo.orangehrmlive.com/web/index.php/dashboard/index] but found [https://www.facebook.com/login/?privacy_mutation_token=eyJ0eXBlIjowLCJjcmVhdGlvbl90aW1lIjoxNjc5MzMyMTA1LCJjYWxsc2l0ZV9pZCI6MzgxMjI5MDc5NTc1OTQ2fQ%3D%3D]
at listernersDemoClasses.BasicTestNGDemo.BasicDemo(BasicTestNGDemo.java:42)
at java.base/java.util.ArrayList.forEach(ArrayList.java:1511)
... Removed 29 stack frames]]>
    </failure>
  </testcase> <!-- BasicDemo -->
  <testcase classname="listernersDemoClasses.BasicTestNGDemo" name="BasicDemo2" time="10.456"/>
</testsuite> <!-- Test -->
