<?xml version="1.0" encoding="UTF-8"?>
<!-- Generated by org.testng.reporters.JUnitReportReporter -->
<testsuite hostname="DESKTOP-C0K6CVK" failures="1" tests="5" name="runner.TestRunner" time="0.256" errors="0" timestamp="2023-04-05T17:37:39 IST" skipped="0">
  <testcase classname="runner.TestRunner" name="runScenario" time="0.021"/>
  <system-out/>
  <testcase classname="runner.TestRunner" name="runScenario" time="0.011"/>
  <system-out/>
  <testcase classname="runner.TestRunner" name="runScenario" time="0.014"/>
  <system-out/>
  <testcase classname="runner.TestRunner" name="runScenario" time="0.015"/>
  <system-out/>
  <testcase classname="runner.TestRunner" name="runScenario" time="0.195">
    <failure message="expected [false] but found [true]" type="java.lang.AssertionError">
      <![CDATA[java.lang.AssertionError: expected [false] but found [true]
at org.testng.Assert.fail(Assert.java:110)
at org.testng.Assert.failNotEquals(Assert.java:1577)
at org.testng.Assert.assertFalse(Assert.java:78)
at org.testng.Assert.assertFalse(Assert.java:88)
at stepdefinitions.RegisterTest.user_clicks_create(RegisterTest.java:38)
at âœ½.user clicks create(file:///C:/Users/v-gokulsam/eclipse-workspace/cucumber/src/test/java/features/Register.feature:14)
]]>
    </failure>
  </testcase> <!-- runScenario -->
  <system-out/>
</testsuite> <!-- runner.TestRunner -->
